0 info it worked if it ends with ok
1 verbose cli [ '/usr/local/bin/node',
1 verbose cli   '/usr/local/bin/npm',
1 verbose cli   'run',
1 verbose cli   'start:prod' ]
2 info using npm@3.8.0
3 info using node@v4.2.6
4 verbose run-script [ 'prestart:prod', 'start:prod', 'poststart:prod' ]
5 info lifecycle tightrope@1.0.0~prestart:prod: tightrope@1.0.0
6 silly lifecycle tightrope@1.0.0~prestart:prod: no script for prestart:prod, continuing
7 info lifecycle tightrope@1.0.0~start:prod: tightrope@1.0.0
8 verbose lifecycle tightrope@1.0.0~start:prod: unsafe-perm in lifecycle true
9 verbose lifecycle tightrope@1.0.0~start:prod: PATH: /usr/local/lib/node_modules/npm/bin/node-gyp-bin:/Users/nick/Google Drive/Dev/workspace/EDA/final/tightrope/node_modules/.bin:/usr/local/bin:/usr/local/bin:/usr/bin:/bin:/usr/sbin:/sbin
10 verbose lifecycle tightrope@1.0.0~start:prod: CWD: /Users/nick/Google Drive/Dev/workspace/EDA/final/tightrope
11 silly lifecycle tightrope@1.0.0~start:prod: Args: [ '-c',
11 silly lifecycle   'webpack && budo ./server/server.js --live -- -t babel' ]
12 silly lifecycle tightrope@1.0.0~start:prod: Returned: code: 1  signal: null
13 info lifecycle tightrope@1.0.0~start:prod: Failed to exec start:prod script
14 verbose stack Error: tightrope@1.0.0 start:prod: `webpack && budo ./server/server.js --live -- -t babel`
14 verbose stack Exit status 1
14 verbose stack     at EventEmitter.<anonymous> (/usr/local/lib/node_modules/npm/lib/utils/lifecycle.js:239:16)
14 verbose stack     at emitTwo (events.js:87:13)
14 verbose stack     at EventEmitter.emit (events.js:172:7)
14 verbose stack     at ChildProcess.<anonymous> (/usr/local/lib/node_modules/npm/lib/utils/spawn.js:24:14)
14 verbose stack     at emitTwo (events.js:87:13)
14 verbose stack     at ChildProcess.emit (events.js:172:7)
14 verbose stack     at maybeClose (internal/child_process.js:821:16)
14 verbose stack     at Process.ChildProcess._handle.onexit (internal/child_process.js:211:5)
15 verbose pkgid tightrope@1.0.0
16 verbose cwd /Users/nick/Google Drive/Dev/workspace/EDA/final/tightrope
17 error Darwin 15.0.0
18 error argv "/usr/local/bin/node" "/usr/local/bin/npm" "run" "start:prod"
19 error node v4.2.6
20 error npm  v3.8.0
21 error code ELIFECYCLE
22 error tightrope@1.0.0 start:prod: `webpack && budo ./server/server.js --live -- -t babel`
22 error Exit status 1
23 error Failed at the tightrope@1.0.0 start:prod script 'webpack && budo ./server/server.js --live -- -t babel'.
23 error Make sure you have the latest version of node.js and npm installed.
23 error If you do, this is most likely a problem with the tightrope package,
23 error not with npm itself.
23 error Tell the author that this fails on your system:
23 error     webpack && budo ./server/server.js --live -- -t babel
23 error You can get information on how to open an issue for this project with:
23 error     npm bugs tightrope
23 error Or if that isn't available, you can get their info via:
23 error     npm owner ls tightrope
23 error There is likely additional logging output above.
24 verbose exit [ 1, true ]
