14:37:44.691 INFO - Launching a standalone Selenium Server
14:37:44.723 INFO - Java: Oracle Corporation 25.77-b03
14:37:44.723 INFO - OS: Mac OS X 10.11.3 x86_64
14:37:44.735 INFO - v2.53.0, with Core v2.53.0. Built from revision 35ae25b
14:37:44.800 INFO - Driver provider org.openqa.selenium.ie.InternetExplorerDriver registration is skipped:
registration capabilities Capabilities [{ensureCleanSession=true, browserName=internet explorer, version=, platform=WINDOWS}] does not match the current platform MAC
14:37:44.800 INFO - Driver provider org.openqa.selenium.edge.EdgeDriver registration is skipped:
registration capabilities Capabilities [{browserName=MicrosoftEdge, version=, platform=WINDOWS}] does not match the current platform MAC
14:37:44.800 INFO - Driver class not found: com.opera.core.systems.OperaDriver
14:37:44.801 INFO - Driver provider com.opera.core.systems.OperaDriver is not registered
14:37:44.802 INFO - Driver class not found: org.openqa.selenium.htmlunit.HtmlUnitDriver
14:37:44.802 INFO - Driver provider org.openqa.selenium.htmlunit.HtmlUnitDriver is not registered
14:37:44.864 INFO - RemoteWebDriver instances should connect to: http://127.0.0.1:4445/wd/hub
14:37:44.864 INFO - Selenium Server is up and running
14:37:45.155 INFO - Executing: [new session: Capabilities [{acceptSslCerts=true, name=Home Test, browserName=firefox, javascriptEnabled=true, platform=ANY}]])
14:37:45.166 INFO - Creating a new session for Capabilities [{acceptSslCerts=true, name=Home Test, browserName=firefox, javascriptEnabled=true, platform=ANY}]
14:37:47.701 INFO - Done: [new session: Capabilities [{acceptSslCerts=true, name=Home Test, browserName=firefox, javascriptEnabled=true, platform=ANY}]]
14:37:47.718 INFO - Executing: [get: http://localhost:8080/login])
14:37:49.494 INFO - Done: [get: http://localhost:8080/login]
14:37:49.505 INFO - Executing: [find elements: By.cssSelector: body])
14:37:49.564 INFO - Done: [find elements: By.cssSelector: body]
14:37:49.570 INFO - Executing: [is displayed: 0 [[FirefoxDriver: firefox on MAC (5dde02b6-3e8a-b048-822d-2aa6672083d2)] -> css selector: body]])
14:37:49.585 INFO - Done: [is displayed: 0 [[FirefoxDriver: firefox on MAC (5dde02b6-3e8a-b048-822d-2aa6672083d2)] -> css selector: body]]
14:37:49.594 INFO - Executing: [find element: By.cssSelector: input[value="Sign In"]])
14:37:49.606 INFO - Done: [find element: By.cssSelector: input[value="Sign In"]]
14:37:49.610 INFO - Executing: [click: 1 [[FirefoxDriver: firefox on MAC (5dde02b6-3e8a-b048-822d-2aa6672083d2)] -> css selector: input[value="Sign In"]]])
14:37:49.693 INFO - Done: [click: 1 [[FirefoxDriver: firefox on MAC (5dde02b6-3e8a-b048-822d-2aa6672083d2)] -> css selector: input[value="Sign In"]]]
14:37:50.707 INFO - Executing: [find element: By.cssSelector: div])
14:37:50.716 INFO - Done: [find element: By.cssSelector: div]
14:37:50.719 INFO - Executing: [get text: 2 [[FirefoxDriver: firefox on MAC (5dde02b6-3e8a-b048-822d-2aa6672083d2)] -> css selector: div]])
14:37:50.878 INFO - Done: [get text: 2 [[FirefoxDriver: firefox on MAC (5dde02b6-3e8a-b048-822d-2aa6672083d2)] -> css selector: div]]
14:37:50.887 INFO - Executing: [delete session: a3267163-e85e-4188-8120-6a16842bfd4e])
14:37:51.021 INFO - Done: [delete session: a3267163-e85e-4188-8120-6a16842bfd4e]
14:37:51.256 INFO - Executing: [new session: Capabilities [{acceptSslCerts=true, name=Signin Test, browserName=firefox, javascriptEnabled=true, platform=ANY}]])
14:37:51.257 INFO - Creating a new session for Capabilities [{acceptSslCerts=true, name=Signin Test, browserName=firefox, javascriptEnabled=true, platform=ANY}]
14:37:53.305 INFO - Done: [new session: Capabilities [{acceptSslCerts=true, name=Signin Test, browserName=firefox, javascriptEnabled=true, platform=ANY}]]
14:37:53.310 INFO - Executing: [get: http://localhost:8080/login])
14:37:57.204 INFO - Done: [get: http://localhost:8080/login]
14:37:57.211 INFO - Executing: [find elements: By.cssSelector: body])
14:37:57.272 INFO - Done: [find elements: By.cssSelector: body]
14:37:57.276 INFO - Executing: [is displayed: 0 [[FirefoxDriver: firefox on MAC (0074fc79-36da-1742-8dbc-a68b5acaa374)] -> css selector: body]])
14:37:57.285 INFO - Done: [is displayed: 0 [[FirefoxDriver: firefox on MAC (0074fc79-36da-1742-8dbc-a68b5acaa374)] -> css selector: body]]
14:37:57.289 INFO - Executing: [get title])
14:37:57.295 INFO - Done: [get title]
14:37:57.302 INFO - Executing: [find element: By.cssSelector: input[type=email]])
14:37:57.309 INFO - Done: [find element: By.cssSelector: input[type=email]]
14:37:57.314 INFO - Executing: [send keys: 1 [[FirefoxDriver: firefox on MAC (0074fc79-36da-1742-8dbc-a68b5acaa374)] -> css selector: input[type=email]], [n, i, g, h, t, w, a, t, c, h, @, n, i, g, h, t, t, i, m, e]])
14:37:57.476 INFO - Done: [send keys: 1 [[FirefoxDriver: firefox on MAC (0074fc79-36da-1742-8dbc-a68b5acaa374)] -> css selector: input[type=email]], [n, i, g, h, t, w, a, t, c, h, @, n, i, g, h, t, t, i, m, e]]
14:37:57.484 INFO - Executing: [find element: By.cssSelector: input[type=password]])
14:37:57.496 INFO - Done: [find element: By.cssSelector: input[type=password]]
14:37:57.501 INFO - Executing: [send keys: 2 [[FirefoxDriver: firefox on MAC (0074fc79-36da-1742-8dbc-a68b5acaa374)] -> css selector: input[type=password]], [a]])
14:37:57.545 INFO - Done: [send keys: 2 [[FirefoxDriver: firefox on MAC (0074fc79-36da-1742-8dbc-a68b5acaa374)] -> css selector: input[type=password]], [a]]
14:37:57.552 INFO - Executing: [find element: By.cssSelector: input[type=submit]])
14:37:57.563 INFO - Done: [find element: By.cssSelector: input[type=submit]]
14:37:57.573 INFO - Executing: [click: 3 [[FirefoxDriver: firefox on MAC (0074fc79-36da-1742-8dbc-a68b5acaa374)] -> css selector: input[type=submit]]])
14:37:57.645 INFO - Done: [click: 3 [[FirefoxDriver: firefox on MAC (0074fc79-36da-1742-8dbc-a68b5acaa374)] -> css selector: input[type=submit]]]
14:37:58.656 INFO - Executing: [find element: By.cssSelector: #test])
14:38:03.957 INFO - Done: [find element: By.cssSelector: #test]
14:38:03.960 INFO - Executing: [get text: 4 [[FirefoxDriver: firefox on MAC (0074fc79-36da-1742-8dbc-a68b5acaa374)] -> css selector: #test]])
14:38:03.973 INFO - Done: [get text: 4 [[FirefoxDriver: firefox on MAC (0074fc79-36da-1742-8dbc-a68b5acaa374)] -> css selector: #test]]
14:38:03.978 INFO - Executing: [delete session: 47b40c29-d55b-41d0-8602-26e7bbe4d644])
14:38:04.122 INFO - Done: [delete session: 47b40c29-d55b-41d0-8602-26e7bbe4d644]
